[  0%] Built target ufomap_srvs_generate_messages_py
[  0%] Built target ufomap_srvs_generate_messages_eus
[ 25%] Built target ufomap_mapping_gencfg
[ 25%] Built target ufomap_msgs_generate_messages_eus
[ 25%] Built target roscpp_generate_messages_eus
[ 25%] Built target ufomap_srvs_generate_messages_cpp
[ 25%] Built target dynamic_reconfigure_gencfg
[ 25%] Built target actionlib_msgs_generate_messages_nodejs
[ 25%] Built target ufomap_srvs_generate_messages_lisp
[ 25%] Built target geometry_msgs_generate_messages_eus
[ 25%] Built target actionlib_generate_messages_nodejs
[ 25%] Built target std_msgs_generate_messages_nodejs
[ 25%] Built target ufomap_srvs_generate_messages_nodejs
[ 25%] Built target roscpp_generate_messages_lisp
[ 25%] Built target diagnostic_msgs_generate_messages_py
[ 25%] Built target sensor_msgs_generate_messages_cpp
[ 25%] Built target ufomap_msgs_generate_messages_cpp
[ 25%] Built target roscpp_generate_messages_cpp
[ 25%] Built target tf2_msgs_generate_messages_eus
[ 25%] Built target actionlib_generate_messages_lisp
[ 25%] Built target std_msgs_generate_messages_lisp
[ 25%] Built target sensor_msgs_generate_messages_py
[ 25%] Built target geometry_msgs_generate_messages_py
[ 25%] Built target std_srvs_generate_messages_lisp
[ 25%] Built target dynamic_reconfigure_generate_messages_nodejs
[ 25%] Built target diagnostic_msgs_generate_messages_eus
[ 25%] Built target tf2_msgs_generate_messages_py
[ 25%] Built target std_msgs_generate_messages_py
[ 25%] Built target geometry_msgs_generate_messages_nodejs
[ 25%] Built target dynamic_reconfigure_generate_messages_eus
[ 25%] Built target dynamic_reconfigure_generate_messages_cpp
[ 25%] Built target geometry_msgs_generate_messages_cpp
[ 25%] Built target std_srvs_generate_messages_eus
[ 25%] Built target std_msgs_generate_messages_cpp
[ 25%] Built target tf2_msgs_generate_messages_cpp
[ 25%] Built target dynamic_reconfigure_generate_messages_lisp
[ 25%] Built target actionlib_msgs_generate_messages_eus
[ 25%] Built target rosgraph_msgs_generate_messages_lisp
[ 25%] Built target diagnostic_msgs_generate_messages_nodejs
[ 25%] Built target dynamic_reconfigure_generate_messages_py
[ 25%] Built target ufomap_msgs_generate_messages_lisp
[ 25%] Built target std_srvs_generate_messages_cpp
[ 25%] Built target diagnostic_msgs_generate_messages_cpp
[ 25%] Built target std_srvs_generate_messages_nodejs
[ 25%] Built target rosgraph_msgs_generate_messages_py
[ 25%] Built target actionlib_generate_messages_py
[ 25%] Built target diagnostic_msgs_generate_messages_lisp
[ 25%] Built target ufomap_msgs_generate_messages_nodejs
[ 25%] Built target geometry_msgs_generate_messages_lisp
[ 25%] Built target std_srvs_generate_messages_py
[ 25%] Built target roscpp_generate_messages_py
[ 25%] Built target roscpp_generate_messages_nodejs
[ 25%] Built target actionlib_generate_messages_cpp
[ 25%] Built target rosgraph_msgs_generate_messages_eus
[ 25%] Built target rosgraph_msgs_generate_messages_nodejs
[ 25%] Built target ufomap_msgs_generate_messages_py
[ 25%] Built target sensor_msgs_generate_messages_eus
[ 25%] Built target actionlib_msgs_generate_messages_py
[ 25%] Built target sensor_msgs_generate_messages_lisp
[ 25%] Built target sensor_msgs_generate_messages_nodejs
[ 25%] Built target tf2_msgs_generate_messages_nodejs
[ 25%] Built target std_msgs_generate_messages_eus
[ 25%] Built target tf2_msgs_generate_messages_lisp
[ 25%] Built target rosgraph_msgs_generate_messages_cpp
[ 25%] Built target actionlib_msgs_generate_messages_cpp
[ 25%] Built target actionlib_msgs_generate_messages_lisp
[ 25%] Built target actionlib_generate_messages_eus
[100%] Built target ufomap_mapping_server_node
