Linked: (/root/catkin_ws/devel/.private/ufomap_msgs/lib/libufomap_msgs.a, /root/catkin_ws/devel/lib/libufomap_msgs.a)
Linked: (/root/catkin_ws/devel/.private/ufomap_msgs/lib/pkgconfig/ufomap_msgs.pc, /root/catkin_ws/devel/lib/pkgconfig/ufomap_msgs.pc)
Linked: (/root/catkin_ws/devel/.private/ufomap_msgs/lib/python3/dist-packages/ufomap_msgs/__init__.py, /root/catkin_ws/devel/lib/python3/dist-packages/ufomap_msgs/__init__.py)
Linked: (/root/catkin_ws/devel/.private/ufomap_msgs/lib/python3/dist-packages/ufomap_msgs/msg/_Sphere.py, /root/catkin_ws/devel/lib/python3/dist-packages/ufomap_msgs/msg/_Sphere.py)
Linked: (/root/catkin_ws/devel/.private/ufomap_msgs/lib/python3/dist-packages/ufomap_msgs/msg/_AABB.py, /root/catkin_ws/devel/lib/python3/dist-packages/ufomap_msgs/msg/_AABB.py)
Linked: (/root/catkin_ws/devel/.private/ufomap_msgs/lib/python3/dist-packages/ufomap_msgs/msg/_BoundingVolume.py, /root/catkin_ws/devel/lib/python3/dist-packages/ufomap_msgs/msg/_BoundingVolume.py)
Linked: (/root/catkin_ws/devel/.private/ufomap_msgs/lib/python3/dist-packages/ufomap_msgs/msg/_UFOMap.py, /root/catkin_ws/devel/lib/python3/dist-packages/ufomap_msgs/msg/_UFOMap.py)
Linked: (/root/catkin_ws/devel/.private/ufomap_msgs/lib/python3/dist-packages/ufomap_msgs/msg/_Plane.py, /root/catkin_ws/devel/lib/python3/dist-packages/ufomap_msgs/msg/_Plane.py)
Linked: (/root/catkin_ws/devel/.private/ufomap_msgs/lib/python3/dist-packages/ufomap_msgs/msg/_OBB.py, /root/catkin_ws/devel/lib/python3/dist-packages/ufomap_msgs/msg/_OBB.py)
Linked: (/root/catkin_ws/devel/.private/ufomap_msgs/lib/python3/dist-packages/ufomap_msgs/msg/_LineSegment.py, /root/catkin_ws/devel/lib/python3/dist-packages/ufomap_msgs/msg/_LineSegment.py)
Linked: (/root/catkin_ws/devel/.private/ufomap_msgs/lib/python3/dist-packages/ufomap_msgs/msg/_Ray.py, /root/catkin_ws/devel/lib/python3/dist-packages/ufomap_msgs/msg/_Ray.py)
Linked: (/root/catkin_ws/devel/.private/ufomap_msgs/lib/python3/dist-packages/ufomap_msgs/msg/_UFOMapStamped.py, /root/catkin_ws/devel/lib/python3/dist-packages/ufomap_msgs/msg/_UFOMapStamped.py)
Linked: (/root/catkin_ws/devel/.private/ufomap_msgs/lib/python3/dist-packages/ufomap_msgs/msg/_Point.py, /root/catkin_ws/devel/lib/python3/dist-packages/ufomap_msgs/msg/_Point.py)
Linked: (/root/catkin_ws/devel/.private/ufomap_msgs/lib/python3/dist-packages/ufomap_msgs/msg/_Frustum.py, /root/catkin_ws/devel/lib/python3/dist-packages/ufomap_msgs/msg/_Frustum.py)
Linked: (/root/catkin_ws/devel/.private/ufomap_msgs/lib/python3/dist-packages/ufomap_msgs/msg/__init__.py, /root/catkin_ws/devel/lib/python3/dist-packages/ufomap_msgs/msg/__init__.py)
Linked: (/root/catkin_ws/devel/.private/ufomap_msgs/lib/python3/dist-packages/ufomap_msgs/msg/_UFOMapMetaData.py, /root/catkin_ws/devel/lib/python3/dist-packages/ufomap_msgs/msg/_UFOMapMetaData.py)
Linked: (/root/catkin_ws/devel/.private/ufomap_msgs/include/ufomap_msgs/Plane.h, /root/catkin_ws/devel/include/ufomap_msgs/Plane.h)
Linked: (/root/catkin_ws/devel/.private/ufomap_msgs/include/ufomap_msgs/OBB.h, /root/catkin_ws/devel/include/ufomap_msgs/OBB.h)
Linked: (/root/catkin_ws/devel/.private/ufomap_msgs/include/ufomap_msgs/Ray.h, /root/catkin_ws/devel/include/ufomap_msgs/Ray.h)
Linked: (/root/catkin_ws/devel/.private/ufomap_msgs/include/ufomap_msgs/UFOMapStamped.h, /root/catkin_ws/devel/include/ufomap_msgs/UFOMapStamped.h)
Linked: (/root/catkin_ws/devel/.private/ufomap_msgs/include/ufomap_msgs/Sphere.h, /root/catkin_ws/devel/include/ufomap_msgs/Sphere.h)
Linked: (/root/catkin_ws/devel/.private/ufomap_msgs/include/ufomap_msgs/UFOMapMetaData.h, /root/catkin_ws/devel/include/ufomap_msgs/UFOMapMetaData.h)
Linked: (/root/catkin_ws/devel/.private/ufomap_msgs/include/ufomap_msgs/BoundingVolume.h, /root/catkin_ws/devel/include/ufomap_msgs/BoundingVolume.h)
Linked: (/root/catkin_ws/devel/.private/ufomap_msgs/include/ufomap_msgs/LineSegment.h, /root/catkin_ws/devel/include/ufomap_msgs/LineSegment.h)
Linked: (/root/catkin_ws/devel/.private/ufomap_msgs/include/ufomap_msgs/Frustum.h, /root/catkin_ws/devel/include/ufomap_msgs/Frustum.h)
Linked: (/root/catkin_ws/devel/.private/ufomap_msgs/include/ufomap_msgs/Point.h, /root/catkin_ws/devel/include/ufomap_msgs/Point.h)
Linked: (/root/catkin_ws/devel/.private/ufomap_msgs/include/ufomap_msgs/AABB.h, /root/catkin_ws/devel/include/ufomap_msgs/AABB.h)
Linked: (/root/catkin_ws/devel/.private/ufomap_msgs/include/ufomap_msgs/UFOMap.h, /root/catkin_ws/devel/include/ufomap_msgs/UFOMap.h)
Linked: (/root/catkin_ws/devel/.private/ufomap_msgs/share/common-lisp/ros/ufomap_msgs/msg/UFOMap.lisp, /root/catkin_ws/devel/share/common-lisp/ros/ufomap_msgs/msg/UFOMap.lisp)
Linked: (/root/catkin_ws/devel/.private/ufomap_msgs/share/common-lisp/ros/ufomap_msgs/msg/_package_LineSegment.lisp, /root/catkin_ws/devel/share/common-lisp/ros/ufomap_msgs/msg/_package_LineSegment.lisp)
Linked: (/root/catkin_ws/devel/.private/ufomap_msgs/share/common-lisp/ros/ufomap_msgs/msg/OBB.lisp, /root/catkin_ws/devel/share/common-lisp/ros/ufomap_msgs/msg/OBB.lisp)
Linked: (/root/catkin_ws/devel/.private/ufomap_msgs/share/common-lisp/ros/ufomap_msgs/msg/Plane.lisp, /root/catkin_ws/devel/share/common-lisp/ros/ufomap_msgs/msg/Plane.lisp)
Linked: (/root/catkin_ws/devel/.private/ufomap_msgs/share/common-lisp/ros/ufomap_msgs/msg/_package_Plane.lisp, /root/catkin_ws/devel/share/common-lisp/ros/ufomap_msgs/msg/_package_Plane.lisp)
Linked: (/root/catkin_ws/devel/.private/ufomap_msgs/share/common-lisp/ros/ufomap_msgs/msg/Point.lisp, /root/catkin_ws/devel/share/common-lisp/ros/ufomap_msgs/msg/Point.lisp)
Linked: (/root/catkin_ws/devel/.private/ufomap_msgs/share/common-lisp/ros/ufomap_msgs/msg/Frustum.lisp, /root/catkin_ws/devel/share/common-lisp/ros/ufomap_msgs/msg/Frustum.lisp)
Linked: (/root/catkin_ws/devel/.private/ufomap_msgs/share/common-lisp/ros/ufomap_msgs/msg/_package_BoundingVolume.lisp, /root/catkin_ws/devel/share/common-lisp/ros/ufomap_msgs/msg/_package_BoundingVolume.lisp)
Linked: (/root/catkin_ws/devel/.private/ufomap_msgs/share/common-lisp/ros/ufomap_msgs/msg/_package.lisp, /root/catkin_ws/devel/share/common-lisp/ros/ufomap_msgs/msg/_package.lisp)
Linked: (/root/catkin_ws/devel/.private/ufomap_msgs/share/common-lisp/ros/ufomap_msgs/msg/_package_UFOMapMetaData.lisp, /root/catkin_ws/devel/share/common-lisp/ros/ufomap_msgs/msg/_package_UFOMapMetaData.lisp)
Linked: (/root/catkin_ws/devel/.private/ufomap_msgs/share/common-lisp/ros/ufomap_msgs/msg/BoundingVolume.lisp, /root/catkin_ws/devel/share/common-lisp/ros/ufomap_msgs/msg/BoundingVolume.lisp)
Linked: (/root/catkin_ws/devel/.private/ufomap_msgs/share/common-lisp/ros/ufomap_msgs/msg/UFOMapStamped.lisp, /root/catkin_ws/devel/share/common-lisp/ros/ufomap_msgs/msg/UFOMapStamped.lisp)
Linked: (/root/catkin_ws/devel/.private/ufomap_msgs/share/common-lisp/ros/ufomap_msgs/msg/AABB.lisp, /root/catkin_ws/devel/share/common-lisp/ros/ufomap_msgs/msg/AABB.lisp)
Linked: (/root/catkin_ws/devel/.private/ufomap_msgs/share/common-lisp/ros/ufomap_msgs/msg/ufomap_msgs-msg.asd, /root/catkin_ws/devel/share/common-lisp/ros/ufomap_msgs/msg/ufomap_msgs-msg.asd)
Linked: (/root/catkin_ws/devel/.private/ufomap_msgs/share/common-lisp/ros/ufomap_msgs/msg/_package_OBB.lisp, /root/catkin_ws/devel/share/common-lisp/ros/ufomap_msgs/msg/_package_OBB.lisp)
Linked: (/root/catkin_ws/devel/.private/ufomap_msgs/share/common-lisp/ros/ufomap_msgs/msg/_package_Ray.lisp, /root/catkin_ws/devel/share/common-lisp/ros/ufomap_msgs/msg/_package_Ray.lisp)
Linked: (/root/catkin_ws/devel/.private/ufomap_msgs/share/common-lisp/ros/ufomap_msgs/msg/UFOMapMetaData.lisp, /root/catkin_ws/devel/share/common-lisp/ros/ufomap_msgs/msg/UFOMapMetaData.lisp)
Linked: (/root/catkin_ws/devel/.private/ufomap_msgs/share/common-lisp/ros/ufomap_msgs/msg/_package_Sphere.lisp, /root/catkin_ws/devel/share/common-lisp/ros/ufomap_msgs/msg/_package_Sphere.lisp)
Linked: (/root/catkin_ws/devel/.private/ufomap_msgs/share/common-lisp/ros/ufomap_msgs/msg/LineSegment.lisp, /root/catkin_ws/devel/share/common-lisp/ros/ufomap_msgs/msg/LineSegment.lisp)
Linked: (/root/catkin_ws/devel/.private/ufomap_msgs/share/common-lisp/ros/ufomap_msgs/msg/_package_UFOMap.lisp, /root/catkin_ws/devel/share/common-lisp/ros/ufomap_msgs/msg/_package_UFOMap.lisp)
Linked: (/root/catkin_ws/devel/.private/ufomap_msgs/share/common-lisp/ros/ufomap_msgs/msg/_package_UFOMapStamped.lisp, /root/catkin_ws/devel/share/common-lisp/ros/ufomap_msgs/msg/_package_UFOMapStamped.lisp)
Linked: (/root/catkin_ws/devel/.private/ufomap_msgs/share/common-lisp/ros/ufomap_msgs/msg/Sphere.lisp, /root/catkin_ws/devel/share/common-lisp/ros/ufomap_msgs/msg/Sphere.lisp)
Linked: (/root/catkin_ws/devel/.private/ufomap_msgs/share/common-lisp/ros/ufomap_msgs/msg/_package_Frustum.lisp, /root/catkin_ws/devel/share/common-lisp/ros/ufomap_msgs/msg/_package_Frustum.lisp)
Linked: (/root/catkin_ws/devel/.private/ufomap_msgs/share/common-lisp/ros/ufomap_msgs/msg/Ray.lisp, /root/catkin_ws/devel/share/common-lisp/ros/ufomap_msgs/msg/Ray.lisp)
Linked: (/root/catkin_ws/devel/.private/ufomap_msgs/share/common-lisp/ros/ufomap_msgs/msg/_package_Point.lisp, /root/catkin_ws/devel/share/common-lisp/ros/ufomap_msgs/msg/_package_Point.lisp)
Linked: (/root/catkin_ws/devel/.private/ufomap_msgs/share/common-lisp/ros/ufomap_msgs/msg/_package_AABB.lisp, /root/catkin_ws/devel/share/common-lisp/ros/ufomap_msgs/msg/_package_AABB.lisp)
Linked: (/root/catkin_ws/devel/.private/ufomap_msgs/share/gennodejs/ros/ufomap_msgs/_index.js, /root/catkin_ws/devel/share/gennodejs/ros/ufomap_msgs/_index.js)
Linked: (/root/catkin_ws/devel/.private/ufomap_msgs/share/gennodejs/ros/ufomap_msgs/msg/AABB.js, /root/catkin_ws/devel/share/gennodejs/ros/ufomap_msgs/msg/AABB.js)
Linked: (/root/catkin_ws/devel/.private/ufomap_msgs/share/gennodejs/ros/ufomap_msgs/msg/Ray.js, /root/catkin_ws/devel/share/gennodejs/ros/ufomap_msgs/msg/Ray.js)
Linked: (/root/catkin_ws/devel/.private/ufomap_msgs/share/gennodejs/ros/ufomap_msgs/msg/Frustum.js, /root/catkin_ws/devel/share/gennodejs/ros/ufomap_msgs/msg/Frustum.js)
Linked: (/root/catkin_ws/devel/.private/ufomap_msgs/share/gennodejs/ros/ufomap_msgs/msg/UFOMapMetaData.js, /root/catkin_ws/devel/share/gennodejs/ros/ufomap_msgs/msg/UFOMapMetaData.js)
Linked: (/root/catkin_ws/devel/.private/ufomap_msgs/share/gennodejs/ros/ufomap_msgs/msg/Point.js, /root/catkin_ws/devel/share/gennodejs/ros/ufomap_msgs/msg/Point.js)
Linked: (/root/catkin_ws/devel/.private/ufomap_msgs/share/gennodejs/ros/ufomap_msgs/msg/_index.js, /root/catkin_ws/devel/share/gennodejs/ros/ufomap_msgs/msg/_index.js)
Linked: (/root/catkin_ws/devel/.private/ufomap_msgs/share/gennodejs/ros/ufomap_msgs/msg/BoundingVolume.js, /root/catkin_ws/devel/share/gennodejs/ros/ufomap_msgs/msg/BoundingVolume.js)
Linked: (/root/catkin_ws/devel/.private/ufomap_msgs/share/gennodejs/ros/ufomap_msgs/msg/Plane.js, /root/catkin_ws/devel/share/gennodejs/ros/ufomap_msgs/msg/Plane.js)
Linked: (/root/catkin_ws/devel/.private/ufomap_msgs/share/gennodejs/ros/ufomap_msgs/msg/Sphere.js, /root/catkin_ws/devel/share/gennodejs/ros/ufomap_msgs/msg/Sphere.js)
Linked: (/root/catkin_ws/devel/.private/ufomap_msgs/share/gennodejs/ros/ufomap_msgs/msg/OBB.js, /root/catkin_ws/devel/share/gennodejs/ros/ufomap_msgs/msg/OBB.js)
Linked: (/root/catkin_ws/devel/.private/ufomap_msgs/share/gennodejs/ros/ufomap_msgs/msg/UFOMap.js, /root/catkin_ws/devel/share/gennodejs/ros/ufomap_msgs/msg/UFOMap.js)
Linked: (/root/catkin_ws/devel/.private/ufomap_msgs/share/gennodejs/ros/ufomap_msgs/msg/UFOMapStamped.js, /root/catkin_ws/devel/share/gennodejs/ros/ufomap_msgs/msg/UFOMapStamped.js)
Linked: (/root/catkin_ws/devel/.private/ufomap_msgs/share/gennodejs/ros/ufomap_msgs/msg/LineSegment.js, /root/catkin_ws/devel/share/gennodejs/ros/ufomap_msgs/msg/LineSegment.js)
Linked: (/root/catkin_ws/devel/.private/ufomap_msgs/share/ufomap_msgs/cmake/ufomap_msgs-msg-extras.cmake, /root/catkin_ws/devel/share/ufomap_msgs/cmake/ufomap_msgs-msg-extras.cmake)
Linked: (/root/catkin_ws/devel/.private/ufomap_msgs/share/ufomap_msgs/cmake/ufomap_msgsConfig.cmake, /root/catkin_ws/devel/share/ufomap_msgs/cmake/ufomap_msgsConfig.cmake)
Linked: (/root/catkin_ws/devel/.private/ufomap_msgs/share/ufomap_msgs/cmake/ufomap_msgsConfig-version.cmake, /root/catkin_ws/devel/share/ufomap_msgs/cmake/ufomap_msgsConfig-version.cmake)
Linked: (/root/catkin_ws/devel/.private/ufomap_msgs/share/ufomap_msgs/cmake/ufomap_msgs-msg-paths.cmake, /root/catkin_ws/devel/share/ufomap_msgs/cmake/ufomap_msgs-msg-paths.cmake)
Linked: (/root/catkin_ws/devel/.private/ufomap_msgs/share/roseus/ros/ufomap_msgs/manifest.l, /root/catkin_ws/devel/share/roseus/ros/ufomap_msgs/manifest.l)
Linked: (/root/catkin_ws/devel/.private/ufomap_msgs/share/roseus/ros/ufomap_msgs/msg/Sphere.l, /root/catkin_ws/devel/share/roseus/ros/ufomap_msgs/msg/Sphere.l)
Linked: (/root/catkin_ws/devel/.private/ufomap_msgs/share/roseus/ros/ufomap_msgs/msg/OBB.l, /root/catkin_ws/devel/share/roseus/ros/ufomap_msgs/msg/OBB.l)
Linked: (/root/catkin_ws/devel/.private/ufomap_msgs/share/roseus/ros/ufomap_msgs/msg/UFOMapMetaData.l, /root/catkin_ws/devel/share/roseus/ros/ufomap_msgs/msg/UFOMapMetaData.l)
Linked: (/root/catkin_ws/devel/.private/ufomap_msgs/share/roseus/ros/ufomap_msgs/msg/Point.l, /root/catkin_ws/devel/share/roseus/ros/ufomap_msgs/msg/Point.l)
Linked: (/root/catkin_ws/devel/.private/ufomap_msgs/share/roseus/ros/ufomap_msgs/msg/Ray.l, /root/catkin_ws/devel/share/roseus/ros/ufomap_msgs/msg/Ray.l)
Linked: (/root/catkin_ws/devel/.private/ufomap_msgs/share/roseus/ros/ufomap_msgs/msg/Plane.l, /root/catkin_ws/devel/share/roseus/ros/ufomap_msgs/msg/Plane.l)
Linked: (/root/catkin_ws/devel/.private/ufomap_msgs/share/roseus/ros/ufomap_msgs/msg/AABB.l, /root/catkin_ws/devel/share/roseus/ros/ufomap_msgs/msg/AABB.l)
Linked: (/root/catkin_ws/devel/.private/ufomap_msgs/share/roseus/ros/ufomap_msgs/msg/UFOMapStamped.l, /root/catkin_ws/devel/share/roseus/ros/ufomap_msgs/msg/UFOMapStamped.l)
Linked: (/root/catkin_ws/devel/.private/ufomap_msgs/share/roseus/ros/ufomap_msgs/msg/BoundingVolume.l, /root/catkin_ws/devel/share/roseus/ros/ufomap_msgs/msg/BoundingVolume.l)
Linked: (/root/catkin_ws/devel/.private/ufomap_msgs/share/roseus/ros/ufomap_msgs/msg/Frustum.l, /root/catkin_ws/devel/share/roseus/ros/ufomap_msgs/msg/Frustum.l)
Linked: (/root/catkin_ws/devel/.private/ufomap_msgs/share/roseus/ros/ufomap_msgs/msg/UFOMap.l, /root/catkin_ws/devel/share/roseus/ros/ufomap_msgs/msg/UFOMap.l)
Linked: (/root/catkin_ws/devel/.private/ufomap_msgs/share/roseus/ros/ufomap_msgs/msg/LineSegment.l, /root/catkin_ws/devel/share/roseus/ros/ufomap_msgs/msg/LineSegment.l)
