[  0%] Built target geometry_msgs_generate_messages_cpp
[  0%] Built target _ufomap_msgs_generate_messages_check_deps_UFOMap
[  0%] Built target _ufomap_msgs_generate_messages_check_deps_UFOMapStamped
[  0%] Built target _ufomap_msgs_generate_messages_check_deps_UFOMapMetaData
[  0%] Built target _ufomap_msgs_generate_messages_check_deps_Frustum
[  0%] Built target _ufomap_msgs_generate_messages_check_deps_Plane
[  0%] Built target _ufomap_msgs_generate_messages_check_deps_OBB
[  0%] Built target _ufomap_msgs_generate_messages_check_deps_AABB
[  0%] Built target _ufomap_msgs_generate_messages_check_deps_LineSegment
[  0%] Built target _ufomap_msgs_generate_messages_check_deps_BoundingVolume
[  0%] Built target _ufomap_msgs_generate_messages_check_deps_Point
[  0%] Built target _ufomap_msgs_generate_messages_check_deps_Sphere
[  0%] Built target std_msgs_generate_messages_cpp
[  0%] Built target std_msgs_generate_messages_eus
[  0%] Built target std_msgs_generate_messages_py
[  0%] Built target _ufomap_msgs_generate_messages_check_deps_Ray
[  0%] Built target std_msgs_generate_messages_lisp
[  0%] Built target geometry_msgs_generate_messages_py
[  0%] Built target std_msgs_generate_messages_nodejs
[  0%] Built target geometry_msgs_generate_messages_lisp
[  0%] Built target geometry_msgs_generate_messages_eus
[  0%] Built target geometry_msgs_generate_messages_nodejs
[ 37%] Built target ufomap_msgs_generate_messages_cpp
[ 39%] Built target ufomap_msgs_generate_messages_py
[ 70%] Built target ufomap_msgs_generate_messages_eus
[ 87%] Built target ufomap_msgs_generate_messages_nodejs
[ 96%] Built target ufomap_msgs_generate_messages_lisp
[100%] Built target ufomap_msgs
[100%] Built target ufomap_msgs_generate_messages
