Linked: (/root/catkin_ws/devel/.private/ufomap_srvs/lib/pkgconfig/ufomap_srvs.pc, /root/catkin_ws/devel/lib/pkgconfig/ufomap_srvs.pc)
Linked: (/root/catkin_ws/devel/.private/ufomap_srvs/lib/python3/dist-packages/ufomap_srvs/__init__.py, /root/catkin_ws/devel/lib/python3/dist-packages/ufomap_srvs/__init__.py)
Linked: (/root/catkin_ws/devel/.private/ufomap_srvs/lib/python3/dist-packages/ufomap_srvs/srv/_Reset.py, /root/catkin_ws/devel/lib/python3/dist-packages/ufomap_srvs/srv/_Reset.py)
Linked: (/root/catkin_ws/devel/.private/ufomap_srvs/lib/python3/dist-packages/ufomap_srvs/srv/_GetMap.py, /root/catkin_ws/devel/lib/python3/dist-packages/ufomap_srvs/srv/_GetMap.py)
Linked: (/root/catkin_ws/devel/.private/ufomap_srvs/lib/python3/dist-packages/ufomap_srvs/srv/_SaveMap.py, /root/catkin_ws/devel/lib/python3/dist-packages/ufomap_srvs/srv/_SaveMap.py)
Linked: (/root/catkin_ws/devel/.private/ufomap_srvs/lib/python3/dist-packages/ufomap_srvs/srv/__init__.py, /root/catkin_ws/devel/lib/python3/dist-packages/ufomap_srvs/srv/__init__.py)
Linked: (/root/catkin_ws/devel/.private/ufomap_srvs/lib/python3/dist-packages/ufomap_srvs/srv/_ClearVolume.py, /root/catkin_ws/devel/lib/python3/dist-packages/ufomap_srvs/srv/_ClearVolume.py)
Linked: (/root/catkin_ws/devel/.private/ufomap_srvs/include/ufomap_srvs/SaveMapResponse.h, /root/catkin_ws/devel/include/ufomap_srvs/SaveMapResponse.h)
Linked: (/root/catkin_ws/devel/.private/ufomap_srvs/include/ufomap_srvs/ClearVolume.h, /root/catkin_ws/devel/include/ufomap_srvs/ClearVolume.h)
Linked: (/root/catkin_ws/devel/.private/ufomap_srvs/include/ufomap_srvs/GetMap.h, /root/catkin_ws/devel/include/ufomap_srvs/GetMap.h)
Linked: (/root/catkin_ws/devel/.private/ufomap_srvs/include/ufomap_srvs/SaveMapRequest.h, /root/catkin_ws/devel/include/ufomap_srvs/SaveMapRequest.h)
Linked: (/root/catkin_ws/devel/.private/ufomap_srvs/include/ufomap_srvs/SaveMap.h, /root/catkin_ws/devel/include/ufomap_srvs/SaveMap.h)
Linked: (/root/catkin_ws/devel/.private/ufomap_srvs/include/ufomap_srvs/Reset.h, /root/catkin_ws/devel/include/ufomap_srvs/Reset.h)
Linked: (/root/catkin_ws/devel/.private/ufomap_srvs/include/ufomap_srvs/GetMapRequest.h, /root/catkin_ws/devel/include/ufomap_srvs/GetMapRequest.h)
Linked: (/root/catkin_ws/devel/.private/ufomap_srvs/include/ufomap_srvs/ClearVolumeResponse.h, /root/catkin_ws/devel/include/ufomap_srvs/ClearVolumeResponse.h)
Linked: (/root/catkin_ws/devel/.private/ufomap_srvs/include/ufomap_srvs/ResetRequest.h, /root/catkin_ws/devel/include/ufomap_srvs/ResetRequest.h)
Linked: (/root/catkin_ws/devel/.private/ufomap_srvs/include/ufomap_srvs/ClearVolumeRequest.h, /root/catkin_ws/devel/include/ufomap_srvs/ClearVolumeRequest.h)
Linked: (/root/catkin_ws/devel/.private/ufomap_srvs/include/ufomap_srvs/GetMapResponse.h, /root/catkin_ws/devel/include/ufomap_srvs/GetMapResponse.h)
Linked: (/root/catkin_ws/devel/.private/ufomap_srvs/include/ufomap_srvs/ResetResponse.h, /root/catkin_ws/devel/include/ufomap_srvs/ResetResponse.h)
Linked: (/root/catkin_ws/devel/.private/ufomap_srvs/share/common-lisp/ros/ufomap_srvs/srv/_package_GetMap.lisp, /root/catkin_ws/devel/share/common-lisp/ros/ufomap_srvs/srv/_package_GetMap.lisp)
Linked: (/root/catkin_ws/devel/.private/ufomap_srvs/share/common-lisp/ros/ufomap_srvs/srv/GetMap.lisp, /root/catkin_ws/devel/share/common-lisp/ros/ufomap_srvs/srv/GetMap.lisp)
Linked: (/root/catkin_ws/devel/.private/ufomap_srvs/share/common-lisp/ros/ufomap_srvs/srv/ClearVolume.lisp, /root/catkin_ws/devel/share/common-lisp/ros/ufomap_srvs/srv/ClearVolume.lisp)
Linked: (/root/catkin_ws/devel/.private/ufomap_srvs/share/common-lisp/ros/ufomap_srvs/srv/_package.lisp, /root/catkin_ws/devel/share/common-lisp/ros/ufomap_srvs/srv/_package.lisp)
Linked: (/root/catkin_ws/devel/.private/ufomap_srvs/share/common-lisp/ros/ufomap_srvs/srv/_package_SaveMap.lisp, /root/catkin_ws/devel/share/common-lisp/ros/ufomap_srvs/srv/_package_SaveMap.lisp)
Linked: (/root/catkin_ws/devel/.private/ufomap_srvs/share/common-lisp/ros/ufomap_srvs/srv/_package_Reset.lisp, /root/catkin_ws/devel/share/common-lisp/ros/ufomap_srvs/srv/_package_Reset.lisp)
Linked: (/root/catkin_ws/devel/.private/ufomap_srvs/share/common-lisp/ros/ufomap_srvs/srv/ufomap_srvs-srv.asd, /root/catkin_ws/devel/share/common-lisp/ros/ufomap_srvs/srv/ufomap_srvs-srv.asd)
Linked: (/root/catkin_ws/devel/.private/ufomap_srvs/share/common-lisp/ros/ufomap_srvs/srv/SaveMap.lisp, /root/catkin_ws/devel/share/common-lisp/ros/ufomap_srvs/srv/SaveMap.lisp)
Linked: (/root/catkin_ws/devel/.private/ufomap_srvs/share/common-lisp/ros/ufomap_srvs/srv/_package_ClearVolume.lisp, /root/catkin_ws/devel/share/common-lisp/ros/ufomap_srvs/srv/_package_ClearVolume.lisp)
Linked: (/root/catkin_ws/devel/.private/ufomap_srvs/share/common-lisp/ros/ufomap_srvs/srv/Reset.lisp, /root/catkin_ws/devel/share/common-lisp/ros/ufomap_srvs/srv/Reset.lisp)
Linked: (/root/catkin_ws/devel/.private/ufomap_srvs/share/gennodejs/ros/ufomap_srvs/_index.js, /root/catkin_ws/devel/share/gennodejs/ros/ufomap_srvs/_index.js)
Linked: (/root/catkin_ws/devel/.private/ufomap_srvs/share/gennodejs/ros/ufomap_srvs/srv/_index.js, /root/catkin_ws/devel/share/gennodejs/ros/ufomap_srvs/srv/_index.js)
Linked: (/root/catkin_ws/devel/.private/ufomap_srvs/share/gennodejs/ros/ufomap_srvs/srv/ClearVolume.js, /root/catkin_ws/devel/share/gennodejs/ros/ufomap_srvs/srv/ClearVolume.js)
Linked: (/root/catkin_ws/devel/.private/ufomap_srvs/share/gennodejs/ros/ufomap_srvs/srv/GetMap.js, /root/catkin_ws/devel/share/gennodejs/ros/ufomap_srvs/srv/GetMap.js)
Linked: (/root/catkin_ws/devel/.private/ufomap_srvs/share/gennodejs/ros/ufomap_srvs/srv/Reset.js, /root/catkin_ws/devel/share/gennodejs/ros/ufomap_srvs/srv/Reset.js)
Linked: (/root/catkin_ws/devel/.private/ufomap_srvs/share/gennodejs/ros/ufomap_srvs/srv/SaveMap.js, /root/catkin_ws/devel/share/gennodejs/ros/ufomap_srvs/srv/SaveMap.js)
Linked: (/root/catkin_ws/devel/.private/ufomap_srvs/share/ufomap_srvs/cmake/ufomap_srvs-msg-extras.cmake, /root/catkin_ws/devel/share/ufomap_srvs/cmake/ufomap_srvs-msg-extras.cmake)
Linked: (/root/catkin_ws/devel/.private/ufomap_srvs/share/ufomap_srvs/cmake/ufomap_srvsConfig.cmake, /root/catkin_ws/devel/share/ufomap_srvs/cmake/ufomap_srvsConfig.cmake)
Linked: (/root/catkin_ws/devel/.private/ufomap_srvs/share/ufomap_srvs/cmake/ufomap_srvs-msg-paths.cmake, /root/catkin_ws/devel/share/ufomap_srvs/cmake/ufomap_srvs-msg-paths.cmake)
Linked: (/root/catkin_ws/devel/.private/ufomap_srvs/share/ufomap_srvs/cmake/ufomap_srvsConfig-version.cmake, /root/catkin_ws/devel/share/ufomap_srvs/cmake/ufomap_srvsConfig-version.cmake)
Linked: (/root/catkin_ws/devel/.private/ufomap_srvs/share/roseus/ros/ufomap_srvs/manifest.l, /root/catkin_ws/devel/share/roseus/ros/ufomap_srvs/manifest.l)
Linked: (/root/catkin_ws/devel/.private/ufomap_srvs/share/roseus/ros/ufomap_srvs/srv/SaveMap.l, /root/catkin_ws/devel/share/roseus/ros/ufomap_srvs/srv/SaveMap.l)
Linked: (/root/catkin_ws/devel/.private/ufomap_srvs/share/roseus/ros/ufomap_srvs/srv/Reset.l, /root/catkin_ws/devel/share/roseus/ros/ufomap_srvs/srv/Reset.l)
Linked: (/root/catkin_ws/devel/.private/ufomap_srvs/share/roseus/ros/ufomap_srvs/srv/ClearVolume.l, /root/catkin_ws/devel/share/roseus/ros/ufomap_srvs/srv/ClearVolume.l)
Linked: (/root/catkin_ws/devel/.private/ufomap_srvs/share/roseus/ros/ufomap_srvs/srv/GetMap.l, /root/catkin_ws/devel/share/roseus/ros/ufomap_srvs/srv/GetMap.l)
